<?xml version="1.0" encoding="UTF-8"?>
<!-- Generated by org.testng.reporters.JUnitXMLReporter -->
<testsuite hostname="VictorEspinoza" ignored="0" name="Default test" tests="3" failures="0" timestamp="25 Apr 2020 00:03:37 GMT" time="3.069" errors="0">
  <testcase name="BaseTest" time="0.794" classname="com.regression.Test_1"/>
  <testcase name="f" time="0.002" classname="com.regression.Flight_Test_Singleton"/>
  <testcase name="f" time="0.002" classname="com.regression.Flight_Test_2"/>
</testsuite> <!-- Default test -->
