<?xml version="1.0" encoding="UTF-8"?>
<!-- Generated by org.testng.reporters.JUnitXMLReporter -->
<testsuite hostname="VictorEspinoza" ignored="0" name="Test" tests="3" failures="2" timestamp="2020-05-04T17:06:30 MDT" time="3.324" errors="0">
  <testcase name="h" time="0.013" classname="com.regression.Flight_Test_Singleton">
    <skipped/>
  </testcase> <!-- h -->
  <testcase name="f" time="0.005" classname="com.regression.Test_1">
    <failure type="java.lang.Error" message="Unresolved compilation problems: 
	data cannot be resolved
	data cannot be resolved
	data cannot be resolved
	data cannot be resolved
	data cannot be resolved
	data cannot be resolved
	data cannot be resolved
">
      <![CDATA[java.lang.Error: Unresolved compilation problems: 
data cannot be resolved
data cannot be resolved
data cannot be resolved
data cannot be resolved
data cannot be resolved
data cannot be resolved
data cannot be resolved

at com.regression.Test_1.f(Test_1.java:25)
at java.util.concurrent.ThreadPoolExecutor.runWorker(Unknown Source)
at java.util.concurrent.ThreadPoolExecutor$Worker.run(Unknown Source)
at java.lang.Thread.run(Unknown Source)
... Removed 12 stack frames]]>
    </failure>
  </testcase> <!-- f -->
  <testcase name="f" time="0.002" classname="com.regression.Test_2">
    <failure type="java.lang.Error" message="Unresolved compilation problems: 
	data cannot be resolved
	data cannot be resolved
	data cannot be resolved
	data cannot be resolved
	data cannot be resolved
	data cannot be resolved
	data cannot be resolved
">
      <![CDATA[java.lang.Error: Unresolved compilation problems: 
data cannot be resolved
data cannot be resolved
data cannot be resolved
data cannot be resolved
data cannot be resolved
data cannot be resolved
data cannot be resolved

at com.regression.Test_2.f(Test_2.java:25)
at java.util.concurrent.ThreadPoolExecutor.runWorker(Unknown Source)
at java.util.concurrent.ThreadPoolExecutor$Worker.run(Unknown Source)
at java.lang.Thread.run(Unknown Source)
... Removed 12 stack frames]]>
    </failure>
  </testcase> <!-- f -->
</testsuite> <!-- Test -->
