<?xml version="1.0" encoding="UTF-8"?>
<!-- Generated by org.testng.reporters.JUnitXMLReporter -->
<testsuite hostname="VictorEspinoza" ignored="0" name="Command line test" tests="1" failures="1" timestamp="2020-05-12T17:42:52 MDT" time="12.823" errors="0">
  <testcase name="f" time="9.238" classname="com.test.regression.Test_01">
    <failure type="java.lang.NullPointerException">
      <![CDATA[java.lang.NullPointerException
at com.test.regression.Test_01.f(Test_01.java:20)
at java.util.ArrayList.forEach(Unknown Source)
at com.testng.TestRunner.main(TestRunner.java:46)
... Removed 24 stack frames]]>
    </failure>
  </testcase> <!-- f -->
</testsuite> <!-- Command line test -->
