<?xml version="1.0" encoding="UTF-8"?>
<testng-results skipped="0" failed="0" ignored="0" total="3" passed="3">
  <reporter-output>
  </reporter-output>
  <suite name="Default suite" duration-ms="3069" started-at="2020-04-25T00:03:33Z" finished-at="2020-04-25T00:03:37Z">
    <groups>
    </groups>
    <test name="Default test" duration-ms="3069" started-at="2020-04-25T00:03:33Z" finished-at="2020-04-25T00:03:37Z">
      <class name="com.regression.Test_1">
        <test-method status="PASS" signature="BaseTest()[pri:0, instance:com.regression.Test_1@1e044120]" name="BaseTest" is-config="true" duration-ms="2227" started-at="2020-04-25T00:03:33Z" finished-at="2020-04-25T00:03:36Z">
          <reporter-output>
          </reporter-output>
        </test-method> <!-- BaseTest -->
        <test-method status="PASS" signature="BaseTest()[pri:0, instance:com.regression.Test_1@1e044120]" name="BaseTest" duration-ms="794" started-at="2020-04-25T00:03:36Z" finished-at="2020-04-25T00:03:36Z">
          <reporter-output>
          </reporter-output>
        </test-method> <!-- BaseTest -->
        <test-method status="PASS" signature="initialize()[pri:0, instance:com.regression.Test_1@1e044120]" name="initialize" is-config="true" duration-ms="0" started-at="2020-04-25T00:03:36Z" finished-at="2020-04-25T00:03:36Z">
          <reporter-output>
          </reporter-output>
        </test-method> <!-- initialize -->
      </class> <!-- com.regression.Test_1 -->
      <class name="com.regression.Flight_Test_Singleton">
        <test-method status="PASS" signature="f()[pri:0, instance:com.regression.Flight_Test_Singleton@2cf23c81]" name="f" duration-ms="2" started-at="2020-04-25T00:03:37Z" finished-at="2020-04-25T00:03:37Z">
          <reporter-output>
          </reporter-output>
        </test-method> <!-- f -->
        <test-method status="PASS" signature="initialize()[pri:0, instance:com.regression.Flight_Test_Singleton@2cf23c81]" name="initialize" is-config="true" duration-ms="0" started-at="2020-04-25T00:03:37Z" finished-at="2020-04-25T00:03:37Z">
          <reporter-output>
          </reporter-output>
        </test-method> <!-- initialize -->
      </class> <!-- com.regression.Flight_Test_Singleton -->
      <class name="com.regression.Flight_Test_2">
        <test-method status="PASS" signature="f()[pri:0, instance:com.regression.Flight_Test_2@3624da92]" name="f" duration-ms="2" started-at="2020-04-25T00:03:37Z" finished-at="2020-04-25T00:03:37Z">
          <reporter-output>
          </reporter-output>
        </test-method> <!-- f -->
        <test-method status="PASS" signature="initialize()[pri:0, instance:com.regression.Flight_Test_2@3624da92]" name="initialize" is-config="true" duration-ms="0" started-at="2020-04-25T00:03:37Z" finished-at="2020-04-25T00:03:37Z">
          <reporter-output>
          </reporter-output>
        </test-method> <!-- initialize -->
      </class> <!-- com.regression.Flight_Test_2 -->
    </test> <!-- Default test -->
  </suite> <!-- Default suite -->
</testng-results>
